The system is: Windows - 10.0.19042 - AMD64
Compiling the CXX compiler identification source file "CMakeCXXCompilerId.cpp" succeeded.
Compiler: C:/Program Files (x86)/Microsoft Visual Studio/2019/Community/VC/Tools/MSVC/14.23.28105/bin/HostX64/x64/cl.exe 
Build flags: 
Id flags:  

The output was:
0
用于 x64 的 Microsoft (R) C/C++ 优化编译器 19.23.28106.4 版
版权所有(C) Microsoft Corporation。保留所有权利。

CMakeCXXCompilerId.cpp
Microsoft (R) Incremental Linker Version 14.23.28106.4
Copyright (C) Microsoft Corporation.  All rights reserved.

/out:CMakeCXXCompilerId.exe 
CMakeCXXCompilerId.obj 


Compilation of the CXX compiler identification source "CMakeCXXCompilerId.cpp" produced "CMakeCXXCompilerId.exe"

Compilation of the CXX compiler identification source "CMakeCXXCompilerId.cpp" produced "CMakeCXXCompilerId.obj"

The CXX compiler identification is MSVC, found in "D:/本科课内学习资料集锦/大三上学习资料包/数据库系统原理/scudb_initial/scudb_initial/out/build/x64-Debug/CMakeFiles/3.15.19080502-MSVC_2/CompilerIdCXX/CMakeCXXCompilerId.exe"

Compiling the C compiler identification source file "CMakeCCompilerId.c" succeeded.
Compiler: C:/Program Files (x86)/Microsoft Visual Studio/2019/Community/VC/Tools/MSVC/14.23.28105/bin/HostX64/x64/cl.exe 
Build flags: 
Id flags:  

The output was:
0
用于 x64 的 Microsoft (R) C/C++ 优化编译器 19.23.28106.4 版
版权所有(C) Microsoft Corporation。保留所有权利。

CMakeCCompilerId.c
Microsoft (R) Incremental Linker Version 14.23.28106.4
Copyright (C) Microsoft Corporation.  All rights reserved.

/out:CMakeCCompilerId.exe 
CMakeCCompilerId.obj 


Compilation of the C compiler identification source "CMakeCCompilerId.c" produced "CMakeCCompilerId.exe"

Compilation of the C compiler identification source "CMakeCCompilerId.c" produced "CMakeCCompilerId.obj"

The C compiler identification is MSVC, found in "D:/本科课内学习资料集锦/大三上学习资料包/数据库系统原理/scudb_initial/scudb_initial/out/build/x64-Debug/CMakeFiles/3.15.19080502-MSVC_2/CompilerIdC/CMakeCCompilerId.exe"

Determining if the CXX compiler works passed with the following output:
Change Dir: D:/本科课内学习资料集锦/大三上学习资料包/数据库系统原理/scudb_initial/scudb_initial/out/build/x64-Debug/CMakeFiles/CMakeTmp

Run Build Command(s):C:/Program Files (x86)/Microsoft Visual Studio/2019/Community/Common7/IDE/CommonExtensions/Microsoft/CMake/Ninja/ninja.exe cmTC_7359e && [1/2] Building CXX object CMakeFiles\cmTC_7359e.dir\testCXXCompiler.cxx.obj
[2/2] Linking CXX executable cmTC_7359e.exe



Detecting CXX compiler ABI info compiled with the following output:
Change Dir: D:/本科课内学习资料集锦/大三上学习资料包/数据库系统原理/scudb_initial/scudb_initial/out/build/x64-Debug/CMakeFiles/CMakeTmp

Run Build Command(s):C:/Program Files (x86)/Microsoft Visual Studio/2019/Community/Common7/IDE/CommonExtensions/Microsoft/CMake/Ninja/ninja.exe cmTC_ca242 && [1/2] Building CXX object CMakeFiles\cmTC_ca242.dir\CMakeCXXCompilerABI.cpp.obj
[2/2] Linking CXX executable cmTC_ca242.exe



Determining if the C compiler works passed with the following output:
Change Dir: D:/本科课内学习资料集锦/大三上学习资料包/数据库系统原理/scudb_initial/scudb_initial/out/build/x64-Debug/CMakeFiles/CMakeTmp

Run Build Command(s):C:/Program Files (x86)/Microsoft Visual Studio/2019/Community/Common7/IDE/CommonExtensions/Microsoft/CMake/Ninja/ninja.exe cmTC_fcd9b && [1/2] Building C object CMakeFiles\cmTC_fcd9b.dir\testCCompiler.c.obj
[2/2] Linking C executable cmTC_fcd9b.exe



Detecting C compiler ABI info compiled with the following output:
Change Dir: D:/本科课内学习资料集锦/大三上学习资料包/数据库系统原理/scudb_initial/scudb_initial/out/build/x64-Debug/CMakeFiles/CMakeTmp

Run Build Command(s):C:/Program Files (x86)/Microsoft Visual Studio/2019/Community/Common7/IDE/CommonExtensions/Microsoft/CMake/Ninja/ninja.exe cmTC_1e4ec && [1/2] Building C object CMakeFiles\cmTC_1e4ec.dir\CMakeCCompilerABI.c.obj
[2/2] Linking C executable cmTC_1e4ec.exe



